[02-Apr-2021 06:33:18 UTC] PHP Warning:  Use of undefined constant testin - assumed 'testin' (this will throw an Error in a future version of PHP) in C:\Users\Josiah's PC\Local Sites\noted\app\public\wp-content\themes\portfoliolite\header.php on line 66
[02-Apr-2021 06:33:18 UTC] PHP Stack trace:
[02-Apr-2021 06:33:18 UTC] PHP   1. {main}() C:\Users\Josiah's PC\Local Sites\noted\app\public\index.php:0
[02-Apr-2021 06:33:18 UTC] PHP   2. require() C:\Users\Josiah's PC\Local Sites\noted\app\public\index.php:17
[02-Apr-2021 06:33:18 UTC] PHP   3. require_once() C:\Users\Josiah's PC\Local Sites\noted\app\public\wp-blog-header.php:19
[02-Apr-2021 06:33:18 UTC] PHP   4. include() C:\Users\Josiah's PC\Local Sites\noted\app\public\wp-includes\template-loader.php:106
[02-Apr-2021 06:33:18 UTC] PHP   5. get_header() C:\Users\Josiah's PC\Local Sites\noted\app\public\wp-content\themes\portfoliolite\page.php:15
[02-Apr-2021 06:33:18 UTC] PHP   6. locate_template() C:\Users\Josiah's PC\Local Sites\noted\app\public\wp-includes\general-template.php:48
[02-Apr-2021 06:33:18 UTC] PHP   7. load_template() C:\Users\Josiah's PC\Local Sites\noted\app\public\wp-includes\template.php:676
[02-Apr-2021 06:33:18 UTC] PHP   8. require_once() C:\Users\Josiah's PC\Local Sites\noted\app\public\wp-includes\template.php:730
[02-Apr-2021 15:56:52 UTC] PHP Parse error:  syntax error, unexpected 'echo' (T_ECHO) in C:\Users\Josiah's PC\Local Sites\noted\app\public\wp-content\themes\portfoliolite\page.php on line 43
[02-Apr-2021 15:57:24 UTC] PHP Parse error:  syntax error, unexpected 'echo' (T_ECHO) in C:\Users\Josiah's PC\Local Sites\noted\app\public\wp-content\themes\portfoliolite\page.php on line 43
[02-Apr-2021 17:43:08 UTC] PHP Parse error:  syntax error, unexpected 'endwhile' (T_ENDWHILE) in C:\Users\Josiah's PC\Local Sites\noted\app\public\wp-content\themes\portfoliolite\page.php on line 72
[02-Apr-2021 17:43:58 UTC] PHP Parse error:  syntax error, unexpected 'endwhile' (T_ENDWHILE) in C:\Users\Josiah's PC\Local Sites\noted\app\public\wp-content\themes\portfoliolite\page.php on line 73
[02-Apr-2021 17:44:00 UTC] PHP Parse error:  syntax error, unexpected 'endwhile' (T_ENDWHILE) in C:\Users\Josiah's PC\Local Sites\noted\app\public\wp-content\themes\portfoliolite\page.php on line 73
[02-Apr-2021 18:44:04 UTC] PHP Warning:  Use of undefined constant what - assumed 'what' (this will throw an Error in a future version of PHP) in C:\Users\Josiah's PC\Local Sites\noted\app\public\wp-content\themes\portfoliolite\footer.php on line 64
[02-Apr-2021 18:44:04 UTC] PHP Stack trace:
[02-Apr-2021 18:44:04 UTC] PHP   1. {main}() C:\Users\Josiah's PC\Local Sites\noted\app\public\index.php:0
[02-Apr-2021 18:44:04 UTC] PHP   2. require() C:\Users\Josiah's PC\Local Sites\noted\app\public\index.php:17
[02-Apr-2021 18:44:04 UTC] PHP   3. require_once() C:\Users\Josiah's PC\Local Sites\noted\app\public\wp-blog-header.php:19
[02-Apr-2021 18:44:04 UTC] PHP   4. include() C:\Users\Josiah's PC\Local Sites\noted\app\public\wp-includes\template-loader.php:106
[02-Apr-2021 18:44:04 UTC] PHP   5. get_footer() C:\Users\Josiah's PC\Local Sites\noted\app\public\wp-content\themes\portfoliolite\page.php:142
[02-Apr-2021 18:44:04 UTC] PHP   6. locate_template() C:\Users\Josiah's PC\Local Sites\noted\app\public\wp-includes\general-template.php:92
[02-Apr-2021 18:44:04 UTC] PHP   7. load_template() C:\Users\Josiah's PC\Local Sites\noted\app\public\wp-includes\template.php:676
[02-Apr-2021 18:44:04 UTC] PHP   8. require_once() C:\Users\Josiah's PC\Local Sites\noted\app\public\wp-includes\template.php:730
[02-Apr-2021 18:44:29 UTC] PHP Parse error:  syntax error, unexpected 'get_sidebar' (T_STRING), expecting ',' or ';' in C:\Users\Josiah's PC\Local Sites\noted\app\public\wp-content\themes\portfoliolite\footer.php on line 65
[02-Apr-2021 18:45:03 UTC] PHP Parse error:  syntax error, unexpected 'get_sidebar' (T_STRING), expecting ',' or ';' in C:\Users\Josiah's PC\Local Sites\noted\app\public\wp-content\themes\portfoliolite\footer.php on line 65
[05-Apr-2021 01:22:28 UTC] PHP Parse error:  syntax error, unexpected 'echo' (T_ECHO) in C:\Users\Josiah's PC\Local Sites\noted\app\public\wp-content\themes\portfoliolite\header.php on line 65
[05-Apr-2021 01:22:38 UTC] PHP Parse error:  syntax error, unexpected 'if' (T_IF) in C:\Users\Josiah's PC\Local Sites\noted\app\public\wp-content\themes\portfoliolite\header.php on line 66
[05-Apr-2021 01:51:45 UTC] PHP Parse error:  syntax error, unexpected 'Our' (T_STRING), expecting ',' or ';' in C:\Users\Josiah's PC\Local Sites\noted\app\public\wp-content\themes\portfoliolite\index.php on line 24
[05-Apr-2021 01:51:50 UTC] PHP Parse error:  syntax error, unexpected 'Our' (T_STRING), expecting ',' or ';' in C:\Users\Josiah's PC\Local Sites\noted\app\public\wp-content\themes\portfoliolite\index.php on line 24
[05-Apr-2021 01:51:53 UTC] PHP Parse error:  syntax error, unexpected 'Our' (T_STRING), expecting ',' or ';' in C:\Users\Josiah's PC\Local Sites\noted\app\public\wp-content\themes\portfoliolite\index.php on line 24
[05-Apr-2021 02:41:01 UTC] PHP Parse error:  syntax error, unexpected 'echo' (T_ECHO) in C:\Users\Josiah's PC\Local Sites\noted\app\public\wp-content\themes\portfoliolite\footer.php on line 32
[05-Apr-2021 02:43:04 UTC] PHP Parse error:  syntax error, unexpected 'echo' (T_ECHO) in C:\Users\Josiah's PC\Local Sites\noted\app\public\wp-content\themes\portfoliolite\footer.php on line 32
[05-Apr-2021 03:59:19 UTC] PHP Parse error:  syntax error, unexpected ''singular_name'' (T_CONSTANT_ENCAPSED_STRING), expecting ')' in C:\Users\Josiah's PC\Local Sites\noted\app\public\wp-content\mu-plugins\noted-post-types.php on line 18
[05-Apr-2021 03:59:19 UTC] PHP Parse error:  syntax error, unexpected ''singular_name'' (T_CONSTANT_ENCAPSED_STRING), expecting ')' in C:\Users\Josiah's PC\Local Sites\noted\app\public\wp-content\mu-plugins\noted-post-types.php on line 18
[05-Apr-2021 05:22:09 UTC] PHP Fatal error:  Uncaught Error: Call to undefined function release_date() in C:\Users\Josiah's PC\Local Sites\noted\app\public\wp-content\themes\portfoliolite\template-parts\content.php:21
Stack trace:
#0 C:\Users\Josiah's PC\Local Sites\noted\app\public\wp-includes\template.php(732): require()
#1 C:\Users\Josiah's PC\Local Sites\noted\app\public\wp-includes\template.php(676): load_template('C:\\Users\\Josiah...', false, Array)
#2 C:\Users\Josiah's PC\Local Sites\noted\app\public\wp-includes\general-template.php(204): locate_template(Array, true, false, Array)
#3 C:\Users\Josiah's PC\Local Sites\noted\app\public\wp-content\themes\portfoliolite\page.php(95): get_template_part('template-parts/...')
#4 C:\Users\Josiah's PC\Local Sites\noted\app\public\wp-includes\template-loader.php(106): include('C:\\Users\\Josiah...')
#5 C:\Users\Josiah's PC\Local Sites\noted\app\public\wp-blog-header.php(19): require_once('C:\\Users\\Josiah...')
#6 C:\Users\Josiah's PC\Local Sites\noted\app\public\index.php(17): require('C:\\Users\\Josiah... in C:\Users\Josiah's PC\Local Sites\noted\app\public\wp-content\themes\portfoliolite\template-parts\content.php on line 21
[05-Apr-2021 05:22:27 UTC] PHP Fatal error:  Uncaught Error: Call to undefined function release_date() in C:\Users\Josiah's PC\Local Sites\noted\app\public\wp-content\themes\portfoliolite\template-parts\content.php:21
Stack trace:
#0 C:\Users\Josiah's PC\Local Sites\noted\app\public\wp-includes\template.php(732): require()
#1 C:\Users\Josiah's PC\Local Sites\noted\app\public\wp-includes\template.php(676): load_template('C:\\Users\\Josiah...', false, Array)
#2 C:\Users\Josiah's PC\Local Sites\noted\app\public\wp-includes\general-template.php(204): locate_template(Array, true, false, Array)
#3 C:\Users\Josiah's PC\Local Sites\noted\app\public\wp-content\themes\portfoliolite\page.php(95): get_template_part('template-parts/...')
#4 C:\Users\Josiah's PC\Local Sites\noted\app\public\wp-includes\template-loader.php(106): include('C:\\Users\\Josiah...')
#5 C:\Users\Josiah's PC\Local Sites\noted\app\public\wp-blog-header.php(19): require_once('C:\\Users\\Josiah...')
#6 C:\Users\Josiah's PC\Local Sites\noted\app\public\index.php(17): require('C:\\Users\\Josiah... in C:\Users\Josiah's PC\Local Sites\noted\app\public\wp-content\themes\portfoliolite\template-parts\content.php on line 21
[05-Apr-2021 05:22:33 UTC] PHP Fatal error:  Uncaught Error: Call to undefined function release_date() in C:\Users\Josiah's PC\Local Sites\noted\app\public\wp-content\themes\portfoliolite\template-parts\content.php:21
Stack trace:
#0 C:\Users\Josiah's PC\Local Sites\noted\app\public\wp-includes\template.php(732): require()
#1 C:\Users\Josiah's PC\Local Sites\noted\app\public\wp-includes\template.php(676): load_template('C:\\Users\\Josiah...', false, Array)
#2 C:\Users\Josiah's PC\Local Sites\noted\app\public\wp-includes\general-template.php(204): locate_template(Array, true, false, Array)
#3 C:\Users\Josiah's PC\Local Sites\noted\app\public\wp-content\themes\portfoliolite\page.php(95): get_template_part('template-parts/...')
#4 C:\Users\Josiah's PC\Local Sites\noted\app\public\wp-includes\template-loader.php(106): include('C:\\Users\\Josiah...')
#5 C:\Users\Josiah's PC\Local Sites\noted\app\public\wp-blog-header.php(19): require_once('C:\\Users\\Josiah...')
#6 C:\Users\Josiah's PC\Local Sites\noted\app\public\index.php(17): require('C:\\Users\\Josiah... in C:\Users\Josiah's PC\Local Sites\noted\app\public\wp-content\themes\portfoliolite\template-parts\content.php on line 21
[05-Apr-2021 05:22:45 UTC] PHP Fatal error:  Uncaught Error: Call to undefined function get_release_date() in C:\Users\Josiah's PC\Local Sites\noted\app\public\wp-content\themes\portfoliolite\template-parts\content.php:21
Stack trace:
#0 C:\Users\Josiah's PC\Local Sites\noted\app\public\wp-includes\template.php(732): require()
#1 C:\Users\Josiah's PC\Local Sites\noted\app\public\wp-includes\template.php(676): load_template('C:\\Users\\Josiah...', false, Array)
#2 C:\Users\Josiah's PC\Local Sites\noted\app\public\wp-includes\general-template.php(204): locate_template(Array, true, false, Array)
#3 C:\Users\Josiah's PC\Local Sites\noted\app\public\wp-content\themes\portfoliolite\page.php(95): get_template_part('template-parts/...')
#4 C:\Users\Josiah's PC\Local Sites\noted\app\public\wp-includes\template-loader.php(106): include('C:\\Users\\Josiah...')
#5 C:\Users\Josiah's PC\Local Sites\noted\app\public\wp-blog-header.php(19): require_once('C:\\Users\\Josiah...')
#6 C:\Users\Josiah's PC\Local Sites\noted\app\public\index.php(17): require('C:\\Users\\Josia in C:\Users\Josiah's PC\Local Sites\noted\app\public\wp-content\themes\portfoliolite\template-parts\content.php on line 21
[05-Apr-2021 05:23:40 UTC] PHP Fatal error:  Uncaught Error: Call to undefined function release_date() in C:\Users\Josiah's PC\Local Sites\noted\app\public\wp-content\themes\portfoliolite\template-parts\content.php:21
Stack trace:
#0 C:\Users\Josiah's PC\Local Sites\noted\app\public\wp-includes\template.php(732): require()
#1 C:\Users\Josiah's PC\Local Sites\noted\app\public\wp-includes\template.php(676): load_template('C:\\Users\\Josiah...', false, Array)
#2 C:\Users\Josiah's PC\Local Sites\noted\app\public\wp-includes\general-template.php(204): locate_template(Array, true, false, Array)
#3 C:\Users\Josiah's PC\Local Sites\noted\app\public\wp-content\themes\portfoliolite\page.php(95): get_template_part('template-parts/...')
#4 C:\Users\Josiah's PC\Local Sites\noted\app\public\wp-includes\template-loader.php(106): include('C:\\Users\\Josiah...')
#5 C:\Users\Josiah's PC\Local Sites\noted\app\public\wp-blog-header.php(19): require_once('C:\\Users\\Josiah...')
#6 C:\Users\Josiah's PC\Local Sites\noted\app\public\index.php(17): require('C:\\Users\\Josiah... in C:\Users\Josiah's PC\Local Sites\noted\app\public\wp-content\themes\portfoliolite\template-parts\content.php on line 21
[05-Apr-2021 05:41:12 UTC] PHP Warning:  strtotime() expects parameter 1 to be string, array given in C:\Users\Josiah's PC\Local Sites\noted\app\public\wp-content\themes\portfoliolite\template-parts\content.php on line 21
[05-Apr-2021 05:41:12 UTC] PHP Stack trace:
[05-Apr-2021 05:41:12 UTC] PHP   1. {main}() C:\Users\Josiah's PC\Local Sites\noted\app\public\index.php:0
[05-Apr-2021 05:41:12 UTC] PHP   2. require() C:\Users\Josiah's PC\Local Sites\noted\app\public\index.php:17
[05-Apr-2021 05:41:12 UTC] PHP   3. require_once() C:\Users\Josiah's PC\Local Sites\noted\app\public\wp-blog-header.php:19
[05-Apr-2021 05:41:12 UTC] PHP   4. include() C:\Users\Josiah's PC\Local Sites\noted\app\public\wp-includes\template-loader.php:106
[05-Apr-2021 05:41:12 UTC] PHP   5. get_template_part() C:\Users\Josiah's PC\Local Sites\noted\app\public\wp-content\themes\portfoliolite\page.php:95
[05-Apr-2021 05:41:12 UTC] PHP   6. locate_template() C:\Users\Josiah's PC\Local Sites\noted\app\public\wp-includes\general-template.php:204
[05-Apr-2021 05:41:12 UTC] PHP   7. load_template() C:\Users\Josiah's PC\Local Sites\noted\app\public\wp-includes\template.php:676
[05-Apr-2021 05:41:12 UTC] PHP   8. require() C:\Users\Josiah's PC\Local Sites\noted\app\public\wp-includes\template.php:732
[05-Apr-2021 05:41:12 UTC] PHP   9. strtotime() C:\Users\Josiah's PC\Local Sites\noted\app\public\wp-content\themes\portfoliolite\template-parts\content.php:21
[05-Apr-2021 05:46:09 UTC] PHP Warning:  date_format() expects parameter 1 to be DateTimeInterface, string given in C:\Users\Josiah's PC\Local Sites\noted\app\public\wp-content\themes\portfoliolite\template-parts\content.php on line 21
[05-Apr-2021 05:46:09 UTC] PHP Stack trace:
[05-Apr-2021 05:46:09 UTC] PHP   1. {main}() C:\Users\Josiah's PC\Local Sites\noted\app\public\index.php:0
[05-Apr-2021 05:46:09 UTC] PHP   2. require() C:\Users\Josiah's PC\Local Sites\noted\app\public\index.php:17
[05-Apr-2021 05:46:09 UTC] PHP   3. require_once() C:\Users\Josiah's PC\Local Sites\noted\app\public\wp-blog-header.php:19
[05-Apr-2021 05:46:09 UTC] PHP   4. include() C:\Users\Josiah's PC\Local Sites\noted\app\public\wp-includes\template-loader.php:106
[05-Apr-2021 05:46:09 UTC] PHP   5. get_template_part() C:\Users\Josiah's PC\Local Sites\noted\app\public\wp-content\themes\portfoliolite\page.php:95
[05-Apr-2021 05:46:09 UTC] PHP   6. locate_template() C:\Users\Josiah's PC\Local Sites\noted\app\public\wp-includes\general-template.php:204
[05-Apr-2021 05:46:09 UTC] PHP   7. load_template() C:\Users\Josiah's PC\Local Sites\noted\app\public\wp-includes\template.php:676
[05-Apr-2021 05:46:09 UTC] PHP   8. require() C:\Users\Josiah's PC\Local Sites\noted\app\public\wp-includes\template.php:732
[05-Apr-2021 05:46:09 UTC] PHP   9. date_format() C:\Users\Josiah's PC\Local Sites\noted\app\public\wp-content\themes\portfoliolite\template-parts\content.php:21
[05-Apr-2021 05:53:18 UTC] PHP Parse error:  syntax error, unexpected end of file in C:\Users\Josiah's PC\Local Sites\noted\app\public\wp-content\themes\portfoliolite\template-parts\content.php on line 38
[05-Apr-2021 06:14:37 UTC] PHP Fatal error:  Can't use function return value in write context in C:\Users\Josiah's PC\Local Sites\noted\app\public\wp-content\themes\portfoliolite\template-parts\content.php on line 22
[05-Apr-2021 06:14:37 UTC] PHP Stack trace:
[05-Apr-2021 06:14:37 UTC] PHP   1. {main}() C:\Users\Josiah's PC\Local Sites\noted\app\public\index.php:0
[05-Apr-2021 06:14:37 UTC] PHP   2. require() C:\Users\Josiah's PC\Local Sites\noted\app\public\index.php:17
[05-Apr-2021 06:14:37 UTC] PHP   3. require_once() C:\Users\Josiah's PC\Local Sites\noted\app\public\wp-blog-header.php:19
[05-Apr-2021 06:14:37 UTC] PHP   4. include() C:\Users\Josiah's PC\Local Sites\noted\app\public\wp-includes\template-loader.php:106
[05-Apr-2021 06:14:37 UTC] PHP   5. get_template_part() C:\Users\Josiah's PC\Local Sites\noted\app\public\wp-content\themes\portfoliolite\page.php:95
[05-Apr-2021 06:14:37 UTC] PHP   6. locate_template() C:\Users\Josiah's PC\Local Sites\noted\app\public\wp-includes\general-template.php:204
[05-Apr-2021 06:14:37 UTC] PHP   7. load_template() C:\Users\Josiah's PC\Local Sites\noted\app\public\wp-includes\template.php:676
[05-Apr-2021 06:17:27 UTC] PHP Parse error:  syntax error, unexpected 'home_url' (T_STRING) in C:\Users\Josiah's PC\Local Sites\noted\app\public\wp-content\themes\portfoliolite\template-parts\content.php on line 22
[05-Apr-2021 06:18:16 UTC] PHP Parse error:  syntax error, unexpected ':' in C:\Users\Josiah's PC\Local Sites\noted\app\public\wp-content\themes\portfoliolite\template-parts\content.php on line 22
[05-Apr-2021 06:20:10 UTC] PHP Parse error:  syntax error, unexpected 'if' (T_IF), expecting ',' or ';' in C:\Users\Josiah's PC\Local Sites\noted\app\public\wp-content\themes\portfoliolite\template-parts\content.php on line 23
[05-Apr-2021 18:42:44 UTC] PHP Parse error:  syntax error, unexpected end of file, expecting elseif (T_ELSEIF) or else (T_ELSE) or endif (T_ENDIF) in C:\Users\Josiah's PC\Local Sites\noted\app\public\wp-content\themes\portfoliolite\single-album.php on line 82
[05-Apr-2021 19:36:39 UTC] PHP Parse error:  syntax error, unexpected '<', expecting end of file in C:\Users\Josiah's PC\Local Sites\noted\app\public\wp-content\themes\portfoliolite\template-parts\content-single-artiste.php on line 15
[05-Apr-2021 19:37:58 UTC] PHP Parse error:  syntax error, unexpected '<', expecting end of file in C:\Users\Josiah's PC\Local Sites\noted\app\public\wp-content\themes\portfoliolite\template-parts\content-single-artiste.php on line 15
[05-Apr-2021 19:38:14 UTC] PHP Parse error:  syntax error, unexpected '<', expecting end of file in C:\Users\Josiah's PC\Local Sites\noted\app\public\wp-content\themes\portfoliolite\template-parts\content-single-artiste.php on line 15
[05-Apr-2021 19:45:37 UTC] PHP Parse error:  syntax error, unexpected 'endwhile' (T_ENDWHILE), expecting end of file in C:\Users\Josiah's PC\Local Sites\noted\app\public\wp-content\themes\portfoliolite\template-parts\content-single-artiste.php on line 41
[05-Apr-2021 19:52:57 UTC] PHP Parse error:  syntax error, unexpected '->' (T_OBJECT_OPERATOR) in C:\Users\Josiah's PC\Local Sites\noted\app\public\wp-content\themes\portfoliolite\single-artiste.php on line 38
[05-Apr-2021 20:08:11 UTC] PHP Parse error:  syntax error, unexpected end of file in C:\Users\Josiah's PC\Local Sites\noted\app\public\wp-content\themes\portfoliolite\template-parts\content-single-artiste.php on line 54
[05-Apr-2021 20:08:59 UTC] PHP Parse error:  syntax error, unexpected end of file in C:\Users\Josiah's PC\Local Sites\noted\app\public\wp-content\themes\portfoliolite\template-parts\content-single-artiste.php on line 55
[05-Apr-2021 20:24:23 UTC] PHP Parse error:  syntax error, unexpected '}', expecting ',' or ';' in C:\Users\Josiah's PC\Local Sites\noted\app\public\wp-content\themes\portfoliolite\template-parts\content-single-artiste.php on line 44
[05-Apr-2021 20:50:21 UTC] PHP Parse error:  syntax error, unexpected '}', expecting ',' or ';' in C:\Users\Josiah's PC\Local Sites\noted\app\public\wp-content\themes\portfoliolite\template-parts\content-single-artiste.php on line 48
[05-Apr-2021 20:53:17 UTC] PHP Fatal error:  Uncaught Error: Call to undefined function comment_open() in C:\Users\Josiah's PC\Local Sites\noted\app\public\wp-content\themes\portfoliolite\page.php:63
Stack trace:
#0 C:\Users\Josiah's PC\Local Sites\noted\app\public\wp-includes\template-loader.php(106): include()
#1 C:\Users\Josiah's PC\Local Sites\noted\app\public\wp-blog-header.php(19): require_once('C:\\Users\\Josiah...')
#2 C:\Users\Josiah's PC\Local Sites\noted\app\public\index.php(17): require('C:\\Users\\Josiah...')
#3 {main}
  thrown in C:\Users\Josiah's PC\Local Sites\noted\app\public\wp-content\themes\portfoliolite\page.php on line 63
[05-Apr-2021 20:53:36 UTC] PHP Fatal error:  Uncaught Error: Call to undefined function comment_open() in C:\Users\Josiah's PC\Local Sites\noted\app\public\wp-content\themes\portfoliolite\page.php:63
Stack trace:
#0 C:\Users\Josiah's PC\Local Sites\noted\app\public\wp-includes\template-loader.php(106): include()
#1 C:\Users\Josiah's PC\Local Sites\noted\app\public\wp-blog-header.php(19): require_once('C:\\Users\\Josiah...')
#2 C:\Users\Josiah's PC\Local Sites\noted\app\public\index.php(17): require('C:\\Users\\Josiah...')
#3 {main}
  thrown in C:\Users\Josiah's PC\Local Sites\noted\app\public\wp-content\themes\portfoliolite\page.php on line 63
[05-Apr-2021 20:54:23 UTC] PHP Fatal error:  Uncaught Error: Call to undefined function comment_open() in C:\Users\Josiah's PC\Local Sites\noted\app\public\wp-content\themes\portfoliolite\page.php:63
Stack trace:
#0 C:\Users\Josiah's PC\Local Sites\noted\app\public\wp-includes\template-loader.php(106): include()
#1 C:\Users\Josiah's PC\Local Sites\noted\app\public\wp-blog-header.php(19): require_once('C:\\Users\\Josiah...')
#2 C:\Users\Josiah's PC\Local Sites\noted\app\public\index.php(17): require('C:\\Users\\Josiah...')
#3 {main}
  thrown in C:\Users\Josiah's PC\Local Sites\noted\app\public\wp-content\themes\portfoliolite\page.php on line 63
[05-Apr-2021 20:55:43 UTC] PHP Fatal error:  Uncaught Error: Call to undefined function comment_open() in C:\Users\Josiah's PC\Local Sites\noted\app\public\wp-content\themes\portfoliolite\page.php:63
Stack trace:
#0 C:\Users\Josiah's PC\Local Sites\noted\app\public\wp-includes\template-loader.php(106): include()
#1 C:\Users\Josiah's PC\Local Sites\noted\app\public\wp-blog-header.php(19): require_once('C:\\Users\\Josiah...')
#2 C:\Users\Josiah's PC\Local Sites\noted\app\public\index.php(17): require('C:\\Users\\Josiah...')
#3 {main}
  thrown in C:\Users\Josiah's PC\Local Sites\noted\app\public\wp-content\themes\portfoliolite\page.php on line 63
[05-Apr-2021 21:00:34 UTC] PHP Warning:  Invalid argument supplied for foreach() in C:\Users\Josiah's PC\Local Sites\noted\app\public\wp-content\themes\portfoliolite\template-parts\content-single-artiste.php on line 34
[05-Apr-2021 21:00:34 UTC] PHP Stack trace:
[05-Apr-2021 21:00:34 UTC] PHP   1. {main}() C:\Users\Josiah's PC\Local Sites\noted\app\public\index.php:0
[05-Apr-2021 21:00:34 UTC] PHP   2. require() C:\Users\Josiah's PC\Local Sites\noted\app\public\index.php:17
[05-Apr-2021 21:00:34 UTC] PHP   3. require_once() C:\Users\Josiah's PC\Local Sites\noted\app\public\wp-blog-header.php:19
[05-Apr-2021 21:00:34 UTC] PHP   4. include() C:\Users\Josiah's PC\Local Sites\noted\app\public\wp-includes\template-loader.php:106
[05-Apr-2021 21:00:34 UTC] PHP   5. get_template_part() C:\Users\Josiah's PC\Local Sites\noted\app\public\wp-content\themes\portfoliolite\single-album.php:46
[05-Apr-2021 21:00:34 UTC] PHP   6. locate_template() C:\Users\Josiah's PC\Local Sites\noted\app\public\wp-includes\general-template.php:204
[05-Apr-2021 21:00:34 UTC] PHP   7. load_template() C:\Users\Josiah's PC\Local Sites\noted\app\public\wp-includes\template.php:676
[05-Apr-2021 21:00:34 UTC] PHP   8. require() C:\Users\Josiah's PC\Local Sites\noted\app\public\wp-includes\template.php:732
[05-Apr-2021 21:00:34 UTC] PHP Warning:  Invalid argument supplied for foreach() in C:\Users\Josiah's PC\Local Sites\noted\app\public\wp-content\themes\portfoliolite\template-parts\content-single-artiste.php on line 34
[05-Apr-2021 21:00:34 UTC] PHP Stack trace:
[05-Apr-2021 21:00:34 UTC] PHP   1. {main}() C:\Users\Josiah's PC\Local Sites\noted\app\public\index.php:0
[05-Apr-2021 21:00:34 UTC] PHP   2. require() C:\Users\Josiah's PC\Local Sites\noted\app\public\index.php:17
[05-Apr-2021 21:00:34 UTC] PHP   3. require_once() C:\Users\Josiah's PC\Local Sites\noted\app\public\wp-blog-header.php:19
[05-Apr-2021 21:00:34 UTC] PHP   4. include() C:\Users\Josiah's PC\Local Sites\noted\app\public\wp-includes\template-loader.php:106
[05-Apr-2021 21:00:34 UTC] PHP   5. get_template_part() C:\Users\Josiah's PC\Local Sites\noted\app\public\wp-content\themes\portfoliolite\single-album.php:46
[05-Apr-2021 21:00:34 UTC] PHP   6. locate_template() C:\Users\Josiah's PC\Local Sites\noted\app\public\wp-includes\general-template.php:204
[05-Apr-2021 21:00:34 UTC] PHP   7. load_template() C:\Users\Josiah's PC\Local Sites\noted\app\public\wp-includes\template.php:676
[05-Apr-2021 21:00:34 UTC] PHP   8. require() C:\Users\Josiah's PC\Local Sites\noted\app\public\wp-includes\template.php:732
[05-Apr-2021 21:02:42 UTC] PHP Warning:  Invalid argument supplied for foreach() in C:\Users\Josiah's PC\Local Sites\noted\app\public\wp-content\themes\portfoliolite\template-parts\content-single-artiste.php on line 34
[05-Apr-2021 21:02:42 UTC] PHP Stack trace:
[05-Apr-2021 21:02:42 UTC] PHP   1. {main}() C:\Users\Josiah's PC\Local Sites\noted\app\public\index.php:0
[05-Apr-2021 21:02:42 UTC] PHP   2. require() C:\Users\Josiah's PC\Local Sites\noted\app\public\index.php:17
[05-Apr-2021 21:02:42 UTC] PHP   3. require_once() C:\Users\Josiah's PC\Local Sites\noted\app\public\wp-blog-header.php:19
[05-Apr-2021 21:02:42 UTC] PHP   4. include() C:\Users\Josiah's PC\Local Sites\noted\app\public\wp-includes\template-loader.php:106
[05-Apr-2021 21:02:42 UTC] PHP   5. get_template_part() C:\Users\Josiah's PC\Local Sites\noted\app\public\wp-content\themes\portfoliolite\single-album.php:46
[05-Apr-2021 21:02:42 UTC] PHP   6. locate_template() C:\Users\Josiah's PC\Local Sites\noted\app\public\wp-includes\general-template.php:204
[05-Apr-2021 21:02:42 UTC] PHP   7. load_template() C:\Users\Josiah's PC\Local Sites\noted\app\public\wp-includes\template.php:676
[05-Apr-2021 21:02:42 UTC] PHP   8. require() C:\Users\Josiah's PC\Local Sites\noted\app\public\wp-includes\template.php:732
[05-Apr-2021 21:02:42 UTC] PHP Warning:  Invalid argument supplied for foreach() in C:\Users\Josiah's PC\Local Sites\noted\app\public\wp-content\themes\portfoliolite\template-parts\content-single-artiste.php on line 34
[05-Apr-2021 21:02:42 UTC] PHP Stack trace:
[05-Apr-2021 21:02:42 UTC] PHP   1. {main}() C:\Users\Josiah's PC\Local Sites\noted\app\public\index.php:0
[05-Apr-2021 21:02:42 UTC] PHP   2. require() C:\Users\Josiah's PC\Local Sites\noted\app\public\index.php:17
[05-Apr-2021 21:02:42 UTC] PHP   3. require_once() C:\Users\Josiah's PC\Local Sites\noted\app\public\wp-blog-header.php:19
[05-Apr-2021 21:02:42 UTC] PHP   4. include() C:\Users\Josiah's PC\Local Sites\noted\app\public\wp-includes\template-loader.php:106
[05-Apr-2021 21:02:42 UTC] PHP   5. get_template_part() C:\Users\Josiah's PC\Local Sites\noted\app\public\wp-content\themes\portfoliolite\single-album.php:46
[05-Apr-2021 21:02:42 UTC] PHP   6. locate_template() C:\Users\Josiah's PC\Local Sites\noted\app\public\wp-includes\general-template.php:204
[05-Apr-2021 21:02:42 UTC] PHP   7. load_template() C:\Users\Josiah's PC\Local Sites\noted\app\public\wp-includes\template.php:676
[05-Apr-2021 21:02:42 UTC] PHP   8. require() C:\Users\Josiah's PC\Local Sites\noted\app\public\wp-includes\template.php:732
[05-Apr-2021 21:03:03 UTC] PHP Warning:  Invalid argument supplied for foreach() in C:\Users\Josiah's PC\Local Sites\noted\app\public\wp-content\themes\portfoliolite\template-parts\content-single-artiste.php on line 34
[05-Apr-2021 21:03:03 UTC] PHP Stack trace:
[05-Apr-2021 21:03:03 UTC] PHP   1. {main}() C:\Users\Josiah's PC\Local Sites\noted\app\public\index.php:0
[05-Apr-2021 21:03:03 UTC] PHP   2. require() C:\Users\Josiah's PC\Local Sites\noted\app\public\index.php:17
[05-Apr-2021 21:03:03 UTC] PHP   3. require_once() C:\Users\Josiah's PC\Local Sites\noted\app\public\wp-blog-header.php:19
[05-Apr-2021 21:03:03 UTC] PHP   4. include() C:\Users\Josiah's PC\Local Sites\noted\app\public\wp-includes\template-loader.php:106
[05-Apr-2021 21:03:03 UTC] PHP   5. get_template_part() C:\Users\Josiah's PC\Local Sites\noted\app\public\wp-content\themes\portfoliolite\single-album.php:46
[05-Apr-2021 21:03:03 UTC] PHP   6. locate_template() C:\Users\Josiah's PC\Local Sites\noted\app\public\wp-includes\general-template.php:204
[05-Apr-2021 21:03:03 UTC] PHP   7. load_template() C:\Users\Josiah's PC\Local Sites\noted\app\public\wp-includes\template.php:676
[05-Apr-2021 21:03:03 UTC] PHP   8. require() C:\Users\Josiah's PC\Local Sites\noted\app\public\wp-includes\template.php:732
[05-Apr-2021 21:03:03 UTC] PHP Warning:  Invalid argument supplied for foreach() in C:\Users\Josiah's PC\Local Sites\noted\app\public\wp-content\themes\portfoliolite\template-parts\content-single-artiste.php on line 34
[05-Apr-2021 21:03:03 UTC] PHP Stack trace:
[05-Apr-2021 21:03:03 UTC] PHP   1. {main}() C:\Users\Josiah's PC\Local Sites\noted\app\public\index.php:0
[05-Apr-2021 21:03:03 UTC] PHP   2. require() C:\Users\Josiah's PC\Local Sites\noted\app\public\index.php:17
[05-Apr-2021 21:03:03 UTC] PHP   3. require_once() C:\Users\Josiah's PC\Local Sites\noted\app\public\wp-blog-header.php:19
[05-Apr-2021 21:03:03 UTC] PHP   4. include() C:\Users\Josiah's PC\Local Sites\noted\app\public\wp-includes\template-loader.php:106
[05-Apr-2021 21:03:03 UTC] PHP   5. get_template_part() C:\Users\Josiah's PC\Local Sites\noted\app\public\wp-content\themes\portfoliolite\single-album.php:46
[05-Apr-2021 21:03:03 UTC] PHP   6. locate_template() C:\Users\Josiah's PC\Local Sites\noted\app\public\wp-includes\general-template.php:204
[05-Apr-2021 21:03:03 UTC] PHP   7. load_template() C:\Users\Josiah's PC\Local Sites\noted\app\public\wp-includes\template.php:676
[05-Apr-2021 21:03:03 UTC] PHP   8. require() C:\Users\Josiah's PC\Local Sites\noted\app\public\wp-includes\template.php:732
[05-Apr-2021 21:03:34 UTC] PHP Warning:  Invalid argument supplied for foreach() in C:\Users\Josiah's PC\Local Sites\noted\app\public\wp-content\themes\portfoliolite\template-parts\content-single-artiste.php on line 34
[05-Apr-2021 21:03:34 UTC] PHP Stack trace:
[05-Apr-2021 21:03:34 UTC] PHP   1. {main}() C:\Users\Josiah's PC\Local Sites\noted\app\public\index.php:0
[05-Apr-2021 21:03:34 UTC] PHP   2. require() C:\Users\Josiah's PC\Local Sites\noted\app\public\index.php:17
[05-Apr-2021 21:03:34 UTC] PHP   3. require_once() C:\Users\Josiah's PC\Local Sites\noted\app\public\wp-blog-header.php:19
[05-Apr-2021 21:03:34 UTC] PHP   4. include() C:\Users\Josiah's PC\Local Sites\noted\app\public\wp-includes\template-loader.php:106
[05-Apr-2021 21:03:34 UTC] PHP   5. get_template_part() C:\Users\Josiah's PC\Local Sites\noted\app\public\wp-content\themes\portfoliolite\single-album.php:46
[05-Apr-2021 21:03:34 UTC] PHP   6. locate_template() C:\Users\Josiah's PC\Local Sites\noted\app\public\wp-includes\general-template.php:204
[05-Apr-2021 21:03:34 UTC] PHP   7. load_template() C:\Users\Josiah's PC\Local Sites\noted\app\public\wp-includes\template.php:676
[05-Apr-2021 21:03:34 UTC] PHP   8. require() C:\Users\Josiah's PC\Local Sites\noted\app\public\wp-includes\template.php:732
[05-Apr-2021 21:03:34 UTC] PHP Warning:  Invalid argument supplied for foreach() in C:\Users\Josiah's PC\Local Sites\noted\app\public\wp-content\themes\portfoliolite\template-parts\content-single-artiste.php on line 34
[05-Apr-2021 21:03:34 UTC] PHP Stack trace:
[05-Apr-2021 21:03:34 UTC] PHP   1. {main}() C:\Users\Josiah's PC\Local Sites\noted\app\public\index.php:0
[05-Apr-2021 21:03:34 UTC] PHP   2. require() C:\Users\Josiah's PC\Local Sites\noted\app\public\index.php:17
[05-Apr-2021 21:03:34 UTC] PHP   3. require_once() C:\Users\Josiah's PC\Local Sites\noted\app\public\wp-blog-header.php:19
[05-Apr-2021 21:03:34 UTC] PHP   4. include() C:\Users\Josiah's PC\Local Sites\noted\app\public\wp-includes\template-loader.php:106
[05-Apr-2021 21:03:34 UTC] PHP   5. get_template_part() C:\Users\Josiah's PC\Local Sites\noted\app\public\wp-content\themes\portfoliolite\single-album.php:46
[05-Apr-2021 21:03:34 UTC] PHP   6. locate_template() C:\Users\Josiah's PC\Local Sites\noted\app\public\wp-includes\general-template.php:204
[05-Apr-2021 21:03:34 UTC] PHP   7. load_template() C:\Users\Josiah's PC\Local Sites\noted\app\public\wp-includes\template.php:676
[05-Apr-2021 21:03:34 UTC] PHP   8. require() C:\Users\Josiah's PC\Local Sites\noted\app\public\wp-includes\template.php:732
[05-Apr-2021 21:03:53 UTC] PHP Warning:  Invalid argument supplied for foreach() in C:\Users\Josiah's PC\Local Sites\noted\app\public\wp-content\themes\portfoliolite\template-parts\content-single-artiste.php on line 34
[05-Apr-2021 21:03:53 UTC] PHP Stack trace:
[05-Apr-2021 21:03:53 UTC] PHP   1. {main}() C:\Users\Josiah's PC\Local Sites\noted\app\public\index.php:0
[05-Apr-2021 21:03:53 UTC] PHP   2. require() C:\Users\Josiah's PC\Local Sites\noted\app\public\index.php:17
[05-Apr-2021 21:03:53 UTC] PHP   3. require_once() C:\Users\Josiah's PC\Local Sites\noted\app\public\wp-blog-header.php:19
[05-Apr-2021 21:03:53 UTC] PHP   4. include() C:\Users\Josiah's PC\Local Sites\noted\app\public\wp-includes\template-loader.php:106
[05-Apr-2021 21:03:53 UTC] PHP   5. get_template_part() C:\Users\Josiah's PC\Local Sites\noted\app\public\wp-content\themes\portfoliolite\single-album.php:46
[05-Apr-2021 21:03:53 UTC] PHP   6. locate_template() C:\Users\Josiah's PC\Local Sites\noted\app\public\wp-includes\general-template.php:204
[05-Apr-2021 21:03:53 UTC] PHP   7. load_template() C:\Users\Josiah's PC\Local Sites\noted\app\public\wp-includes\template.php:676
[05-Apr-2021 21:03:53 UTC] PHP   8. require() C:\Users\Josiah's PC\Local Sites\noted\app\public\wp-includes\template.php:732
[05-Apr-2021 21:03:53 UTC] PHP Warning:  Invalid argument supplied for foreach() in C:\Users\Josiah's PC\Local Sites\noted\app\public\wp-content\themes\portfoliolite\template-parts\content-single-artiste.php on line 34
[05-Apr-2021 21:03:53 UTC] PHP Stack trace:
[05-Apr-2021 21:03:53 UTC] PHP   1. {main}() C:\Users\Josiah's PC\Local Sites\noted\app\public\index.php:0
[05-Apr-2021 21:03:53 UTC] PHP   2. require() C:\Users\Josiah's PC\Local Sites\noted\app\public\index.php:17
[05-Apr-2021 21:03:53 UTC] PHP   3. require_once() C:\Users\Josiah's PC\Local Sites\noted\app\public\wp-blog-header.php:19
[05-Apr-2021 21:03:53 UTC] PHP   4. include() C:\Users\Josiah's PC\Local Sites\noted\app\public\wp-includes\template-loader.php:106
[05-Apr-2021 21:03:53 UTC] PHP   5. get_template_part() C:\Users\Josiah's PC\Local Sites\noted\app\public\wp-content\themes\portfoliolite\single-album.php:46
[05-Apr-2021 21:03:53 UTC] PHP   6. locate_template() C:\Users\Josiah's PC\Local Sites\noted\app\public\wp-includes\general-template.php:204
[05-Apr-2021 21:03:53 UTC] PHP   7. load_template() C:\Users\Josiah's PC\Local Sites\noted\app\public\wp-includes\template.php:676
[05-Apr-2021 21:03:53 UTC] PHP   8. require() C:\Users\Josiah's PC\Local Sites\noted\app\public\wp-includes\template.php:732
[05-Apr-2021 21:04:15 UTC] PHP Warning:  Invalid argument supplied for foreach() in C:\Users\Josiah's PC\Local Sites\noted\app\public\wp-content\themes\portfoliolite\template-parts\content-single-artiste.php on line 34
[05-Apr-2021 21:04:15 UTC] PHP Stack trace:
[05-Apr-2021 21:04:15 UTC] PHP   1. {main}() C:\Users\Josiah's PC\Local Sites\noted\app\public\index.php:0
[05-Apr-2021 21:04:15 UTC] PHP   2. require() C:\Users\Josiah's PC\Local Sites\noted\app\public\index.php:17
[05-Apr-2021 21:04:15 UTC] PHP   3. require_once() C:\Users\Josiah's PC\Local Sites\noted\app\public\wp-blog-header.php:19
[05-Apr-2021 21:04:15 UTC] PHP   4. include() C:\Users\Josiah's PC\Local Sites\noted\app\public\wp-includes\template-loader.php:106
[05-Apr-2021 21:04:15 UTC] PHP   5. get_template_part() C:\Users\Josiah's PC\Local Sites\noted\app\public\wp-content\themes\portfoliolite\single-album.php:46
[05-Apr-2021 21:04:15 UTC] PHP   6. locate_template() C:\Users\Josiah's PC\Local Sites\noted\app\public\wp-includes\general-template.php:204
[05-Apr-2021 21:04:15 UTC] PHP   7. load_template() C:\Users\Josiah's PC\Local Sites\noted\app\public\wp-includes\template.php:676
[05-Apr-2021 21:04:15 UTC] PHP   8. require() C:\Users\Josiah's PC\Local Sites\noted\app\public\wp-includes\template.php:732
[05-Apr-2021 21:04:15 UTC] PHP Warning:  Invalid argument supplied for foreach() in C:\Users\Josiah's PC\Local Sites\noted\app\public\wp-content\themes\portfoliolite\template-parts\content-single-artiste.php on line 34
[05-Apr-2021 21:04:15 UTC] PHP Stack trace:
[05-Apr-2021 21:04:15 UTC] PHP   1. {main}() C:\Users\Josiah's PC\Local Sites\noted\app\public\index.php:0
[05-Apr-2021 21:04:15 UTC] PHP   2. require() C:\Users\Josiah's PC\Local Sites\noted\app\public\index.php:17
[05-Apr-2021 21:04:15 UTC] PHP   3. require_once() C:\Users\Josiah's PC\Local Sites\noted\app\public\wp-blog-header.php:19
[05-Apr-2021 21:04:15 UTC] PHP   4. include() C:\Users\Josiah's PC\Local Sites\noted\app\public\wp-includes\template-loader.php:106
[05-Apr-2021 21:04:15 UTC] PHP   5. get_template_part() C:\Users\Josiah's PC\Local Sites\noted\app\public\wp-content\themes\portfoliolite\single-album.php:46
[05-Apr-2021 21:04:15 UTC] PHP   6. locate_template() C:\Users\Josiah's PC\Local Sites\noted\app\public\wp-includes\general-template.php:204
[05-Apr-2021 21:04:15 UTC] PHP   7. load_template() C:\Users\Josiah's PC\Local Sites\noted\app\public\wp-includes\template.php:676
[05-Apr-2021 21:04:15 UTC] PHP   8. require() C:\Users\Josiah's PC\Local Sites\noted\app\public\wp-includes\template.php:732
[05-Apr-2021 21:07:29 UTC] PHP Parse error:  syntax error, unexpected ''posts_per_page'' (T_CONSTANT_ENCAPSED_STRING), expecting ')' in C:\Users\Josiah's PC\Local Sites\noted\app\public\wp-content\themes\portfoliolite\single-album.php on line 35
[05-Apr-2021 21:14:18 UTC] PHP Warning:  Invalid argument supplied for foreach() in C:\Users\Josiah's PC\Local Sites\noted\app\public\wp-content\themes\portfoliolite\template-parts\content-single-album.php on line 35
[05-Apr-2021 21:14:18 UTC] PHP Stack trace:
[05-Apr-2021 21:14:18 UTC] PHP   1. {main}() C:\Users\Josiah's PC\Local Sites\noted\app\public\index.php:0
[05-Apr-2021 21:14:18 UTC] PHP   2. require() C:\Users\Josiah's PC\Local Sites\noted\app\public\index.php:17
[05-Apr-2021 21:14:18 UTC] PHP   3. require_once() C:\Users\Josiah's PC\Local Sites\noted\app\public\wp-blog-header.php:19
[05-Apr-2021 21:14:18 UTC] PHP   4. include() C:\Users\Josiah's PC\Local Sites\noted\app\public\wp-includes\template-loader.php:106
[05-Apr-2021 21:14:18 UTC] PHP   5. get_template_part() C:\Users\Josiah's PC\Local Sites\noted\app\public\wp-content\themes\portfoliolite\single-album.php:47
[05-Apr-2021 21:14:18 UTC] PHP   6. locate_template() C:\Users\Josiah's PC\Local Sites\noted\app\public\wp-includes\general-template.php:204
[05-Apr-2021 21:14:18 UTC] PHP   7. load_template() C:\Users\Josiah's PC\Local Sites\noted\app\public\wp-includes\template.php:676
[05-Apr-2021 21:14:18 UTC] PHP   8. require() C:\Users\Josiah's PC\Local Sites\noted\app\public\wp-includes\template.php:732
[05-Apr-2021 21:14:18 UTC] PHP Warning:  Invalid argument supplied for foreach() in C:\Users\Josiah's PC\Local Sites\noted\app\public\wp-content\themes\portfoliolite\template-parts\content-single-album.php on line 35
[05-Apr-2021 21:14:18 UTC] PHP Stack trace:
[05-Apr-2021 21:14:18 UTC] PHP   1. {main}() C:\Users\Josiah's PC\Local Sites\noted\app\public\index.php:0
[05-Apr-2021 21:14:18 UTC] PHP   2. require() C:\Users\Josiah's PC\Local Sites\noted\app\public\index.php:17
[05-Apr-2021 21:14:18 UTC] PHP   3. require_once() C:\Users\Josiah's PC\Local Sites\noted\app\public\wp-blog-header.php:19
[05-Apr-2021 21:14:18 UTC] PHP   4. include() C:\Users\Josiah's PC\Local Sites\noted\app\public\wp-includes\template-loader.php:106
[05-Apr-2021 21:14:18 UTC] PHP   5. get_template_part() C:\Users\Josiah's PC\Local Sites\noted\app\public\wp-content\themes\portfoliolite\single-album.php:47
[05-Apr-2021 21:14:18 UTC] PHP   6. locate_template() C:\Users\Josiah's PC\Local Sites\noted\app\public\wp-includes\general-template.php:204
[05-Apr-2021 21:14:18 UTC] PHP   7. load_template() C:\Users\Josiah's PC\Local Sites\noted\app\public\wp-includes\template.php:676
[05-Apr-2021 21:14:18 UTC] PHP   8. require() C:\Users\Josiah's PC\Local Sites\noted\app\public\wp-includes\template.php:732
[05-Apr-2021 21:15:27 UTC] PHP Warning:  Invalid argument supplied for foreach() in C:\Users\Josiah's PC\Local Sites\noted\app\public\wp-content\themes\portfoliolite\template-parts\content-single-album.php on line 35
[05-Apr-2021 21:15:27 UTC] PHP Stack trace:
[05-Apr-2021 21:15:27 UTC] PHP   1. {main}() C:\Users\Josiah's PC\Local Sites\noted\app\public\index.php:0
[05-Apr-2021 21:15:27 UTC] PHP   2. require() C:\Users\Josiah's PC\Local Sites\noted\app\public\index.php:17
[05-Apr-2021 21:15:27 UTC] PHP   3. require_once() C:\Users\Josiah's PC\Local Sites\noted\app\public\wp-blog-header.php:19
[05-Apr-2021 21:15:27 UTC] PHP   4. include() C:\Users\Josiah's PC\Local Sites\noted\app\public\wp-includes\template-loader.php:106
[05-Apr-2021 21:15:27 UTC] PHP   5. get_template_part() C:\Users\Josiah's PC\Local Sites\noted\app\public\wp-content\themes\portfoliolite\single-album.php:46
[05-Apr-2021 21:15:27 UTC] PHP   6. locate_template() C:\Users\Josiah's PC\Local Sites\noted\app\public\wp-includes\general-template.php:204
[05-Apr-2021 21:15:27 UTC] PHP   7. load_template() C:\Users\Josiah's PC\Local Sites\noted\app\public\wp-includes\template.php:676
[05-Apr-2021 21:15:27 UTC] PHP   8. require() C:\Users\Josiah's PC\Local Sites\noted\app\public\wp-includes\template.php:732
[05-Apr-2021 21:15:27 UTC] PHP Warning:  Invalid argument supplied for foreach() in C:\Users\Josiah's PC\Local Sites\noted\app\public\wp-content\themes\portfoliolite\template-parts\content-single-album.php on line 35
[05-Apr-2021 21:15:27 UTC] PHP Stack trace:
[05-Apr-2021 21:15:27 UTC] PHP   1. {main}() C:\Users\Josiah's PC\Local Sites\noted\app\public\index.php:0
[05-Apr-2021 21:15:27 UTC] PHP   2. require() C:\Users\Josiah's PC\Local Sites\noted\app\public\index.php:17
[05-Apr-2021 21:15:27 UTC] PHP   3. require_once() C:\Users\Josiah's PC\Local Sites\noted\app\public\wp-blog-header.php:19
[05-Apr-2021 21:15:27 UTC] PHP   4. include() C:\Users\Josiah's PC\Local Sites\noted\app\public\wp-includes\template-loader.php:106
[05-Apr-2021 21:15:27 UTC] PHP   5. get_template_part() C:\Users\Josiah's PC\Local Sites\noted\app\public\wp-content\themes\portfoliolite\single-album.php:46
[05-Apr-2021 21:15:27 UTC] PHP   6. locate_template() C:\Users\Josiah's PC\Local Sites\noted\app\public\wp-includes\general-template.php:204
[05-Apr-2021 21:15:27 UTC] PHP   7. load_template() C:\Users\Josiah's PC\Local Sites\noted\app\public\wp-includes\template.php:676
[05-Apr-2021 21:15:27 UTC] PHP   8. require() C:\Users\Josiah's PC\Local Sites\noted\app\public\wp-includes\template.php:732
[05-Apr-2021 21:39:38 UTC] PHP Warning:  Invalid argument supplied for foreach() in C:\Users\Josiah's PC\Local Sites\noted\app\public\wp-content\themes\portfoliolite\template-parts\content-single-artiste.php on line 34
[05-Apr-2021 21:39:38 UTC] PHP Stack trace:
[05-Apr-2021 21:39:38 UTC] PHP   1. {main}() C:\Users\Josiah's PC\Local Sites\noted\app\public\index.php:0
[05-Apr-2021 21:39:38 UTC] PHP   2. require() C:\Users\Josiah's PC\Local Sites\noted\app\public\index.php:17
[05-Apr-2021 21:39:38 UTC] PHP   3. require_once() C:\Users\Josiah's PC\Local Sites\noted\app\public\wp-blog-header.php:19
[05-Apr-2021 21:39:38 UTC] PHP   4. include() C:\Users\Josiah's PC\Local Sites\noted\app\public\wp-includes\template-loader.php:106
[05-Apr-2021 21:39:38 UTC] PHP   5. get_template_part() C:\Users\Josiah's PC\Local Sites\noted\app\public\wp-content\themes\portfoliolite\single-event.php:46
[05-Apr-2021 21:39:38 UTC] PHP   6. locate_template() C:\Users\Josiah's PC\Local Sites\noted\app\public\wp-includes\general-template.php:204
[05-Apr-2021 21:39:38 UTC] PHP   7. load_template() C:\Users\Josiah's PC\Local Sites\noted\app\public\wp-includes\template.php:676
[05-Apr-2021 21:39:38 UTC] PHP   8. require() C:\Users\Josiah's PC\Local Sites\noted\app\public\wp-includes\template.php:732
[05-Apr-2021 21:39:39 UTC] PHP Warning:  Invalid argument supplied for foreach() in C:\Users\Josiah's PC\Local Sites\noted\app\public\wp-content\themes\portfoliolite\template-parts\content-single-artiste.php on line 34
[05-Apr-2021 21:39:39 UTC] PHP Stack trace:
[05-Apr-2021 21:39:39 UTC] PHP   1. {main}() C:\Users\Josiah's PC\Local Sites\noted\app\public\index.php:0
[05-Apr-2021 21:39:39 UTC] PHP   2. require() C:\Users\Josiah's PC\Local Sites\noted\app\public\index.php:17
[05-Apr-2021 21:39:39 UTC] PHP   3. require_once() C:\Users\Josiah's PC\Local Sites\noted\app\public\wp-blog-header.php:19
[05-Apr-2021 21:39:39 UTC] PHP   4. include() C:\Users\Josiah's PC\Local Sites\noted\app\public\wp-includes\template-loader.php:106
[05-Apr-2021 21:39:39 UTC] PHP   5. get_template_part() C:\Users\Josiah's PC\Local Sites\noted\app\public\wp-content\themes\portfoliolite\single-event.php:46
[05-Apr-2021 21:39:39 UTC] PHP   6. locate_template() C:\Users\Josiah's PC\Local Sites\noted\app\public\wp-includes\general-template.php:204
[05-Apr-2021 21:39:39 UTC] PHP   7. load_template() C:\Users\Josiah's PC\Local Sites\noted\app\public\wp-includes\template.php:676
[05-Apr-2021 21:39:39 UTC] PHP   8. require() C:\Users\Josiah's PC\Local Sites\noted\app\public\wp-includes\template.php:732
[05-Apr-2021 22:00:11 UTC] PHP Parse error:  syntax error, unexpected 'foreach' (T_FOREACH) in C:\Users\Josiah's PC\Local Sites\noted\app\public\wp-content\themes\portfoliolite\template-parts\content-single-event.php on line 20
[05-Apr-2021 22:00:11 UTC] PHP Parse error:  syntax error, unexpected 'foreach' (T_FOREACH) in C:\Users\Josiah's PC\Local Sites\noted\app\public\wp-content\themes\portfoliolite\template-parts\content-single-event.php on line 20
[05-Apr-2021 22:01:10 UTC] PHP Parse error:  syntax error, unexpected 'foreach' (T_FOREACH) in C:\Users\Josiah's PC\Local Sites\noted\app\public\wp-content\themes\portfoliolite\template-parts\content-single-event.php on line 23
[05-Apr-2021 22:01:11 UTC] PHP Parse error:  syntax error, unexpected 'foreach' (T_FOREACH) in C:\Users\Josiah's PC\Local Sites\noted\app\public\wp-content\themes\portfoliolite\template-parts\content-single-event.php on line 23
[05-Apr-2021 22:03:00 UTC] PHP Parse error:  syntax error, unexpected '<' in C:\Users\Josiah's PC\Local Sites\noted\app\public\wp-content\themes\portfoliolite\template-parts\content-single-event.php on line 24
[05-Apr-2021 22:03:00 UTC] PHP Parse error:  syntax error, unexpected '<' in C:\Users\Josiah's PC\Local Sites\noted\app\public\wp-content\themes\portfoliolite\template-parts\content-single-event.php on line 24
[05-Apr-2021 22:03:39 UTC] PHP Parse error:  syntax error, unexpected 'echo' (T_ECHO) in C:\Users\Josiah's PC\Local Sites\noted\app\public\wp-content\themes\portfoliolite\template-parts\content-single-event.php on line 24
[05-Apr-2021 22:03:40 UTC] PHP Parse error:  syntax error, unexpected 'echo' (T_ECHO) in C:\Users\Josiah's PC\Local Sites\noted\app\public\wp-content\themes\portfoliolite\template-parts\content-single-event.php on line 24
[05-Apr-2021 22:04:39 UTC] PHP Parse error:  syntax error, unexpected 'echo' (T_ECHO) in C:\Users\Josiah's PC\Local Sites\noted\app\public\wp-content\themes\portfoliolite\template-parts\content-single-event.php on line 24
[05-Apr-2021 22:04:39 UTC] PHP Parse error:  syntax error, unexpected 'echo' (T_ECHO) in C:\Users\Josiah's PC\Local Sites\noted\app\public\wp-content\themes\portfoliolite\template-parts\content-single-event.php on line 24
[05-Apr-2021 22:06:09 UTC] PHP Parse error:  syntax error, unexpected 'echo' (T_ECHO) in C:\Users\Josiah's PC\Local Sites\noted\app\public\wp-content\themes\portfoliolite\template-parts\content-single-event.php on line 24
[05-Apr-2021 22:06:09 UTC] PHP Parse error:  syntax error, unexpected 'echo' (T_ECHO) in C:\Users\Josiah's PC\Local Sites\noted\app\public\wp-content\themes\portfoliolite\template-parts\content-single-event.php on line 24
[05-Apr-2021 22:47:05 UTC] PHP Fatal error:  Uncaught Error: Call to undefined function comment_open() in C:\Users\Josiah's PC\Local Sites\noted\app\public\wp-content\themes\portfoliolite\page.php:63
Stack trace:
#0 C:\Users\Josiah's PC\Local Sites\noted\app\public\wp-includes\template-loader.php(106): include()
#1 C:\Users\Josiah's PC\Local Sites\noted\app\public\wp-blog-header.php(19): require_once('C:\\Users\\Josiah...')
#2 C:\Users\Josiah's PC\Local Sites\noted\app\public\index.php(17): require('C:\\Users\\Josiah...')
#3 {main}
  thrown in C:\Users\Josiah's PC\Local Sites\noted\app\public\wp-content\themes\portfoliolite\page.php on line 63
[05-Apr-2021 22:47:13 UTC] PHP Fatal error:  Uncaught Error: Call to undefined function comment_open() in C:\Users\Josiah's PC\Local Sites\noted\app\public\wp-content\themes\portfoliolite\page.php:63
Stack trace:
#0 C:\Users\Josiah's PC\Local Sites\noted\app\public\wp-includes\template-loader.php(106): include()
#1 C:\Users\Josiah's PC\Local Sites\noted\app\public\wp-blog-header.php(19): require_once('C:\\Users\\Josiah...')
#2 C:\Users\Josiah's PC\Local Sites\noted\app\public\index.php(17): require('C:\\Users\\Josiah...')
#3 {main}
  thrown in C:\Users\Josiah's PC\Local Sites\noted\app\public\wp-content\themes\portfoliolite\page.php on line 63
[05-Apr-2021 22:47:13 UTC] PHP Fatal error:  Uncaught Error: Call to undefined function comment_open() in C:\Users\Josiah's PC\Local Sites\noted\app\public\wp-content\themes\portfoliolite\page.php:63
Stack trace:
#0 C:\Users\Josiah's PC\Local Sites\noted\app\public\wp-includes\template-loader.php(106): include()
#1 C:\Users\Josiah's PC\Local Sites\noted\app\public\wp-blog-header.php(19): require_once('C:\\Users\\Josiah...')
#2 C:\Users\Josiah's PC\Local Sites\noted\app\public\index.php(17): require('C:\\Users\\Josiah...')
#3 {main}
  thrown in C:\Users\Josiah's PC\Local Sites\noted\app\public\wp-content\themes\portfoliolite\page.php on line 63
[05-Apr-2021 22:47:51 UTC] PHP Fatal error:  Uncaught Error: Call to undefined function comment_open() in C:\Users\Josiah's PC\Local Sites\noted\app\public\wp-content\themes\portfoliolite\page.php:62
Stack trace:
#0 C:\Users\Josiah's PC\Local Sites\noted\app\public\wp-includes\template-loader.php(106): include()
#1 C:\Users\Josiah's PC\Local Sites\noted\app\public\wp-blog-header.php(19): require_once('C:\\Users\\Josiah...')
#2 C:\Users\Josiah's PC\Local Sites\noted\app\public\index.php(17): require('C:\\Users\\Josiah...')
#3 {main}
  thrown in C:\Users\Josiah's PC\Local Sites\noted\app\public\wp-content\themes\portfoliolite\page.php on line 62
[06-Apr-2021 00:48:40 UTC] PHP Parse error:  syntax error, unexpected '$HostName' (T_VARIABLE), expecting ',' or ';' in C:\Users\Josiah's PC\Local Sites\noted\app\public\wp-content\themes\portfoliolite\template-parts\content.php on line 56
[06-Apr-2021 00:48:52 UTC] PHP Parse error:  syntax error, unexpected '$HostName' (T_VARIABLE), expecting ',' or ';' in C:\Users\Josiah's PC\Local Sites\noted\app\public\wp-content\themes\portfoliolite\template-parts\content.php on line 56
[06-Apr-2021 00:49:25 UTC] PHP Parse error:  syntax error, unexpected '$HostName' (T_VARIABLE), expecting ',' or ';' in C:\Users\Josiah's PC\Local Sites\noted\app\public\wp-content\themes\portfoliolite\template-parts\content.php on line 56
[06-Apr-2021 00:49:40 UTC] PHP Parse error:  syntax error, unexpected '$HostName' (T_VARIABLE), expecting ',' or ';' in C:\Users\Josiah's PC\Local Sites\noted\app\public\wp-content\themes\portfoliolite\template-parts\content.php on line 56
[06-Apr-2021 00:50:32 UTC] PHP Parse error:  syntax error, unexpected '$HostName' (T_VARIABLE), expecting ',' or ';' in C:\Users\Josiah's PC\Local Sites\noted\app\public\wp-content\themes\portfoliolite\template-parts\content.php on line 56
[06-Apr-2021 00:50:37 UTC] PHP Parse error:  syntax error, unexpected '$HostName' (T_VARIABLE), expecting ',' or ';' in C:\Users\Josiah's PC\Local Sites\noted\app\public\wp-content\themes\portfoliolite\template-parts\content.php on line 56
[06-Apr-2021 00:51:09 UTC] PHP Warning:  Invalid argument supplied for foreach() in C:\Users\Josiah's PC\Local Sites\noted\app\public\wp-content\themes\portfoliolite\template-parts\content.php on line 46
[06-Apr-2021 00:51:09 UTC] PHP Stack trace:
[06-Apr-2021 00:51:09 UTC] PHP   1. {main}() C:\Users\Josiah's PC\Local Sites\noted\app\public\index.php:0
[06-Apr-2021 00:51:09 UTC] PHP   2. require() C:\Users\Josiah's PC\Local Sites\noted\app\public\index.php:17
[06-Apr-2021 00:51:09 UTC] PHP   3. require_once() C:\Users\Josiah's PC\Local Sites\noted\app\public\wp-blog-header.php:19
[06-Apr-2021 00:51:09 UTC] PHP   4. include() C:\Users\Josiah's PC\Local Sites\noted\app\public\wp-includes\template-loader.php:106
[06-Apr-2021 00:51:09 UTC] PHP   5. get_template_part() C:\Users\Josiah's PC\Local Sites\noted\app\public\wp-content\themes\portfoliolite\page.php:59
[06-Apr-2021 00:51:09 UTC] PHP   6. locate_template() C:\Users\Josiah's PC\Local Sites\noted\app\public\wp-includes\general-template.php:204
[06-Apr-2021 00:51:09 UTC] PHP   7. load_template() C:\Users\Josiah's PC\Local Sites\noted\app\public\wp-includes\template.php:676
[06-Apr-2021 00:51:09 UTC] PHP   8. require() C:\Users\Josiah's PC\Local Sites\noted\app\public\wp-includes\template.php:732
[06-Apr-2021 00:51:13 UTC] PHP Warning:  Invalid argument supplied for foreach() in C:\Users\Josiah's PC\Local Sites\noted\app\public\wp-content\themes\portfoliolite\template-parts\content.php on line 46
[06-Apr-2021 00:51:13 UTC] PHP Stack trace:
[06-Apr-2021 00:51:13 UTC] PHP   1. {main}() C:\Users\Josiah's PC\Local Sites\noted\app\public\index.php:0
[06-Apr-2021 00:51:13 UTC] PHP   2. require() C:\Users\Josiah's PC\Local Sites\noted\app\public\index.php:17
[06-Apr-2021 00:51:13 UTC] PHP   3. require_once() C:\Users\Josiah's PC\Local Sites\noted\app\public\wp-blog-header.php:19
[06-Apr-2021 00:51:13 UTC] PHP   4. include() C:\Users\Josiah's PC\Local Sites\noted\app\public\wp-includes\template-loader.php:106
[06-Apr-2021 00:51:13 UTC] PHP   5. get_template_part() C:\Users\Josiah's PC\Local Sites\noted\app\public\wp-content\themes\portfoliolite\page.php:102
[06-Apr-2021 00:51:13 UTC] PHP   6. locate_template() C:\Users\Josiah's PC\Local Sites\noted\app\public\wp-includes\general-template.php:204
[06-Apr-2021 00:51:13 UTC] PHP   7. load_template() C:\Users\Josiah's PC\Local Sites\noted\app\public\wp-includes\template.php:676
[06-Apr-2021 00:51:13 UTC] PHP   8. require() C:\Users\Josiah's PC\Local Sites\noted\app\public\wp-includes\template.php:732
[06-Apr-2021 00:51:13 UTC] PHP Warning:  Invalid argument supplied for foreach() in C:\Users\Josiah's PC\Local Sites\noted\app\public\wp-content\themes\portfoliolite\template-parts\content.php on line 46
[06-Apr-2021 00:51:13 UTC] PHP Stack trace:
[06-Apr-2021 00:51:13 UTC] PHP   1. {main}() C:\Users\Josiah's PC\Local Sites\noted\app\public\index.php:0
[06-Apr-2021 00:51:13 UTC] PHP   2. require() C:\Users\Josiah's PC\Local Sites\noted\app\public\index.php:17
[06-Apr-2021 00:51:13 UTC] PHP   3. require_once() C:\Users\Josiah's PC\Local Sites\noted\app\public\wp-blog-header.php:19
[06-Apr-2021 00:51:13 UTC] PHP   4. include() C:\Users\Josiah's PC\Local Sites\noted\app\public\wp-includes\template-loader.php:106
[06-Apr-2021 00:51:13 UTC] PHP   5. get_template_part() C:\Users\Josiah's PC\Local Sites\noted\app\public\wp-content\themes\portfoliolite\page.php:102
[06-Apr-2021 00:51:13 UTC] PHP   6. locate_template() C:\Users\Josiah's PC\Local Sites\noted\app\public\wp-includes\general-template.php:204
[06-Apr-2021 00:51:13 UTC] PHP   7. load_template() C:\Users\Josiah's PC\Local Sites\noted\app\public\wp-includes\template.php:676
[06-Apr-2021 00:51:13 UTC] PHP   8. require() C:\Users\Josiah's PC\Local Sites\noted\app\public\wp-includes\template.php:732
[06-Apr-2021 00:51:32 UTC] PHP Parse error:  syntax error, unexpected '$HostName' (T_VARIABLE), expecting ',' or ';' in C:\Users\Josiah's PC\Local Sites\noted\app\public\wp-content\themes\portfoliolite\template-parts\content.php on line 56
[06-Apr-2021 00:51:44 UTC] PHP Warning:  Invalid argument supplied for foreach() in C:\Users\Josiah's PC\Local Sites\noted\app\public\wp-content\themes\portfoliolite\template-parts\content.php on line 47
[06-Apr-2021 00:51:44 UTC] PHP Stack trace:
[06-Apr-2021 00:51:44 UTC] PHP   1. {main}() C:\Users\Josiah's PC\Local Sites\noted\app\public\index.php:0
[06-Apr-2021 00:51:44 UTC] PHP   2. require() C:\Users\Josiah's PC\Local Sites\noted\app\public\index.php:17
[06-Apr-2021 00:51:44 UTC] PHP   3. require_once() C:\Users\Josiah's PC\Local Sites\noted\app\public\wp-blog-header.php:19
[06-Apr-2021 00:51:44 UTC] PHP   4. include() C:\Users\Josiah's PC\Local Sites\noted\app\public\wp-includes\template-loader.php:106
[06-Apr-2021 00:51:44 UTC] PHP   5. get_template_part() C:\Users\Josiah's PC\Local Sites\noted\app\public\wp-content\themes\portfoliolite\page.php:102
[06-Apr-2021 00:51:44 UTC] PHP   6. locate_template() C:\Users\Josiah's PC\Local Sites\noted\app\public\wp-includes\general-template.php:204
[06-Apr-2021 00:51:44 UTC] PHP   7. load_template() C:\Users\Josiah's PC\Local Sites\noted\app\public\wp-includes\template.php:676
[06-Apr-2021 00:51:44 UTC] PHP   8. require() C:\Users\Josiah's PC\Local Sites\noted\app\public\wp-includes\template.php:732
[06-Apr-2021 00:51:44 UTC] PHP Warning:  Invalid argument supplied for foreach() in C:\Users\Josiah's PC\Local Sites\noted\app\public\wp-content\themes\portfoliolite\template-parts\content.php on line 47
[06-Apr-2021 00:51:44 UTC] PHP Stack trace:
[06-Apr-2021 00:51:44 UTC] PHP   1. {main}() C:\Users\Josiah's PC\Local Sites\noted\app\public\index.php:0
[06-Apr-2021 00:51:44 UTC] PHP   2. require() C:\Users\Josiah's PC\Local Sites\noted\app\public\index.php:17
[06-Apr-2021 00:51:44 UTC] PHP   3. require_once() C:\Users\Josiah's PC\Local Sites\noted\app\public\wp-blog-header.php:19
[06-Apr-2021 00:51:44 UTC] PHP   4. include() C:\Users\Josiah's PC\Local Sites\noted\app\public\wp-includes\template-loader.php:106
[06-Apr-2021 00:51:44 UTC] PHP   5. get_template_part() C:\Users\Josiah's PC\Local Sites\noted\app\public\wp-content\themes\portfoliolite\page.php:102
[06-Apr-2021 00:51:44 UTC] PHP   6. locate_template() C:\Users\Josiah's PC\Local Sites\noted\app\public\wp-includes\general-template.php:204
[06-Apr-2021 00:51:44 UTC] PHP   7. load_template() C:\Users\Josiah's PC\Local Sites\noted\app\public\wp-includes\template.php:676
[06-Apr-2021 00:51:44 UTC] PHP   8. require() C:\Users\Josiah's PC\Local Sites\noted\app\public\wp-includes\template.php:732
[06-Apr-2021 00:51:46 UTC] PHP Warning:  Invalid argument supplied for foreach() in C:\Users\Josiah's PC\Local Sites\noted\app\public\wp-content\themes\portfoliolite\template-parts\content.php on line 47
[06-Apr-2021 00:51:46 UTC] PHP Stack trace:
[06-Apr-2021 00:51:46 UTC] PHP   1. {main}() C:\Users\Josiah's PC\Local Sites\noted\app\public\index.php:0
[06-Apr-2021 00:51:46 UTC] PHP   2. require() C:\Users\Josiah's PC\Local Sites\noted\app\public\index.php:17
[06-Apr-2021 00:51:46 UTC] PHP   3. require_once() C:\Users\Josiah's PC\Local Sites\noted\app\public\wp-blog-header.php:19
[06-Apr-2021 00:51:46 UTC] PHP   4. include() C:\Users\Josiah's PC\Local Sites\noted\app\public\wp-includes\template-loader.php:106
[06-Apr-2021 00:51:46 UTC] PHP   5. get_template_part() C:\Users\Josiah's PC\Local Sites\noted\app\public\wp-content\themes\portfoliolite\page.php:102
[06-Apr-2021 00:51:46 UTC] PHP   6. locate_template() C:\Users\Josiah's PC\Local Sites\noted\app\public\wp-includes\general-template.php:204
[06-Apr-2021 00:51:46 UTC] PHP   7. load_template() C:\Users\Josiah's PC\Local Sites\noted\app\public\wp-includes\template.php:676
[06-Apr-2021 00:51:46 UTC] PHP   8. require() C:\Users\Josiah's PC\Local Sites\noted\app\public\wp-includes\template.php:732
[06-Apr-2021 00:51:46 UTC] PHP Warning:  Invalid argument supplied for foreach() in C:\Users\Josiah's PC\Local Sites\noted\app\public\wp-content\themes\portfoliolite\template-parts\content.php on line 47
[06-Apr-2021 00:51:46 UTC] PHP Stack trace:
[06-Apr-2021 00:51:46 UTC] PHP   1. {main}() C:\Users\Josiah's PC\Local Sites\noted\app\public\index.php:0
[06-Apr-2021 00:51:46 UTC] PHP   2. require() C:\Users\Josiah's PC\Local Sites\noted\app\public\index.php:17
[06-Apr-2021 00:51:46 UTC] PHP   3. require_once() C:\Users\Josiah's PC\Local Sites\noted\app\public\wp-blog-header.php:19
[06-Apr-2021 00:51:46 UTC] PHP   4. include() C:\Users\Josiah's PC\Local Sites\noted\app\public\wp-includes\template-loader.php:106
[06-Apr-2021 00:51:46 UTC] PHP   5. get_template_part() C:\Users\Josiah's PC\Local Sites\noted\app\public\wp-content\themes\portfoliolite\page.php:102
[06-Apr-2021 00:51:46 UTC] PHP   6. locate_template() C:\Users\Josiah's PC\Local Sites\noted\app\public\wp-includes\general-template.php:204
[06-Apr-2021 00:51:46 UTC] PHP   7. load_template() C:\Users\Josiah's PC\Local Sites\noted\app\public\wp-includes\template.php:676
[06-Apr-2021 00:51:46 UTC] PHP   8. require() C:\Users\Josiah's PC\Local Sites\noted\app\public\wp-includes\template.php:732
[06-Apr-2021 00:51:59 UTC] PHP Warning:  Invalid argument supplied for foreach() in C:\Users\Josiah's PC\Local Sites\noted\app\public\wp-content\themes\portfoliolite\template-parts\content.php on line 47
[06-Apr-2021 00:51:59 UTC] PHP Stack trace:
[06-Apr-2021 00:51:59 UTC] PHP   1. {main}() C:\Users\Josiah's PC\Local Sites\noted\app\public\index.php:0
[06-Apr-2021 00:51:59 UTC] PHP   2. require() C:\Users\Josiah's PC\Local Sites\noted\app\public\index.php:17
[06-Apr-2021 00:51:59 UTC] PHP   3. require_once() C:\Users\Josiah's PC\Local Sites\noted\app\public\wp-blog-header.php:19
[06-Apr-2021 00:51:59 UTC] PHP   4. include() C:\Users\Josiah's PC\Local Sites\noted\app\public\wp-includes\template-loader.php:106
[06-Apr-2021 00:51:59 UTC] PHP   5. get_template_part() C:\Users\Josiah's PC\Local Sites\noted\app\public\wp-content\themes\portfoliolite\page.php:102
[06-Apr-2021 00:51:59 UTC] PHP   6. locate_template() C:\Users\Josiah's PC\Local Sites\noted\app\public\wp-includes\general-template.php:204
[06-Apr-2021 00:51:59 UTC] PHP   7. load_template() C:\Users\Josiah's PC\Local Sites\noted\app\public\wp-includes\template.php:676
[06-Apr-2021 00:51:59 UTC] PHP   8. require() C:\Users\Josiah's PC\Local Sites\noted\app\public\wp-includes\template.php:732
[06-Apr-2021 00:51:59 UTC] PHP Warning:  Invalid argument supplied for foreach() in C:\Users\Josiah's PC\Local Sites\noted\app\public\wp-content\themes\portfoliolite\template-parts\content.php on line 47
[06-Apr-2021 00:51:59 UTC] PHP Stack trace:
[06-Apr-2021 00:51:59 UTC] PHP   1. {main}() C:\Users\Josiah's PC\Local Sites\noted\app\public\index.php:0
[06-Apr-2021 00:51:59 UTC] PHP   2. require() C:\Users\Josiah's PC\Local Sites\noted\app\public\index.php:17
[06-Apr-2021 00:51:59 UTC] PHP   3. require_once() C:\Users\Josiah's PC\Local Sites\noted\app\public\wp-blog-header.php:19
[06-Apr-2021 00:51:59 UTC] PHP   4. include() C:\Users\Josiah's PC\Local Sites\noted\app\public\wp-includes\template-loader.php:106
[06-Apr-2021 00:51:59 UTC] PHP   5. get_template_part() C:\Users\Josiah's PC\Local Sites\noted\app\public\wp-content\themes\portfoliolite\page.php:102
[06-Apr-2021 00:51:59 UTC] PHP   6. locate_template() C:\Users\Josiah's PC\Local Sites\noted\app\public\wp-includes\general-template.php:204
[06-Apr-2021 00:51:59 UTC] PHP   7. load_template() C:\Users\Josiah's PC\Local Sites\noted\app\public\wp-includes\template.php:676
[06-Apr-2021 00:51:59 UTC] PHP   8. require() C:\Users\Josiah's PC\Local Sites\noted\app\public\wp-includes\template.php:732
[06-Apr-2021 00:52:09 UTC] PHP Warning:  Invalid argument supplied for foreach() in C:\Users\Josiah's PC\Local Sites\noted\app\public\wp-content\themes\portfoliolite\template-parts\content.php on line 47
[06-Apr-2021 00:52:09 UTC] PHP Stack trace:
[06-Apr-2021 00:52:09 UTC] PHP   1. {main}() C:\Users\Josiah's PC\Local Sites\noted\app\public\index.php:0
[06-Apr-2021 00:52:09 UTC] PHP   2. require() C:\Users\Josiah's PC\Local Sites\noted\app\public\index.php:17
[06-Apr-2021 00:52:09 UTC] PHP   3. require_once() C:\Users\Josiah's PC\Local Sites\noted\app\public\wp-blog-header.php:19
[06-Apr-2021 00:52:09 UTC] PHP   4. include() C:\Users\Josiah's PC\Local Sites\noted\app\public\wp-includes\template-loader.php:106
[06-Apr-2021 00:52:09 UTC] PHP   5. get_template_part() C:\Users\Josiah's PC\Local Sites\noted\app\public\wp-content\themes\portfoliolite\page.php:77
[06-Apr-2021 00:52:09 UTC] PHP   6. locate_template() C:\Users\Josiah's PC\Local Sites\noted\app\public\wp-includes\general-template.php:204
[06-Apr-2021 00:52:09 UTC] PHP   7. load_template() C:\Users\Josiah's PC\Local Sites\noted\app\public\wp-includes\template.php:676
[06-Apr-2021 00:52:09 UTC] PHP   8. require() C:\Users\Josiah's PC\Local Sites\noted\app\public\wp-includes\template.php:732
[06-Apr-2021 00:53:12 UTC] PHP Warning:  Invalid argument supplied for foreach() in C:\Users\Josiah's PC\Local Sites\noted\app\public\wp-content\themes\portfoliolite\template-parts\content.php on line 47
[06-Apr-2021 00:53:12 UTC] PHP Stack trace:
[06-Apr-2021 00:53:12 UTC] PHP   1. {main}() C:\Users\Josiah's PC\Local Sites\noted\app\public\index.php:0
[06-Apr-2021 00:53:12 UTC] PHP   2. require() C:\Users\Josiah's PC\Local Sites\noted\app\public\index.php:17
[06-Apr-2021 00:53:12 UTC] PHP   3. require_once() C:\Users\Josiah's PC\Local Sites\noted\app\public\wp-blog-header.php:19
[06-Apr-2021 00:53:12 UTC] PHP   4. include() C:\Users\Josiah's PC\Local Sites\noted\app\public\wp-includes\template-loader.php:106
[06-Apr-2021 00:53:12 UTC] PHP   5. get_template_part() C:\Users\Josiah's PC\Local Sites\noted\app\public\wp-content\themes\portfoliolite\page.php:77
[06-Apr-2021 00:53:12 UTC] PHP   6. locate_template() C:\Users\Josiah's PC\Local Sites\noted\app\public\wp-includes\general-template.php:204
[06-Apr-2021 00:53:12 UTC] PHP   7. load_template() C:\Users\Josiah's PC\Local Sites\noted\app\public\wp-includes\template.php:676
[06-Apr-2021 00:53:12 UTC] PHP   8. require() C:\Users\Josiah's PC\Local Sites\noted\app\public\wp-includes\template.php:732
[06-Apr-2021 00:54:01 UTC] PHP Warning:  Invalid argument supplied for foreach() in C:\Users\Josiah's PC\Local Sites\noted\app\public\wp-content\themes\portfoliolite\template-parts\content.php on line 47
[06-Apr-2021 00:54:01 UTC] PHP Stack trace:
[06-Apr-2021 00:54:01 UTC] PHP   1. {main}() C:\Users\Josiah's PC\Local Sites\noted\app\public\index.php:0
[06-Apr-2021 00:54:01 UTC] PHP   2. require() C:\Users\Josiah's PC\Local Sites\noted\app\public\index.php:17
[06-Apr-2021 00:54:01 UTC] PHP   3. require_once() C:\Users\Josiah's PC\Local Sites\noted\app\public\wp-blog-header.php:19
[06-Apr-2021 00:54:01 UTC] PHP   4. include() C:\Users\Josiah's PC\Local Sites\noted\app\public\wp-includes\template-loader.php:106
[06-Apr-2021 00:54:01 UTC] PHP   5. get_template_part() C:\Users\Josiah's PC\Local Sites\noted\app\public\wp-content\themes\portfoliolite\page.php:77
[06-Apr-2021 00:54:01 UTC] PHP   6. locate_template() C:\Users\Josiah's PC\Local Sites\noted\app\public\wp-includes\general-template.php:204
[06-Apr-2021 00:54:01 UTC] PHP   7. load_template() C:\Users\Josiah's PC\Local Sites\noted\app\public\wp-includes\template.php:676
[06-Apr-2021 00:54:01 UTC] PHP   8. require() C:\Users\Josiah's PC\Local Sites\noted\app\public\wp-includes\template.php:732
[06-Apr-2021 00:54:09 UTC] PHP Warning:  Invalid argument supplied for foreach() in C:\Users\Josiah's PC\Local Sites\noted\app\public\wp-content\themes\portfoliolite\template-parts\content.php on line 47
[06-Apr-2021 00:54:09 UTC] PHP Stack trace:
[06-Apr-2021 00:54:09 UTC] PHP   1. {main}() C:\Users\Josiah's PC\Local Sites\noted\app\public\index.php:0
[06-Apr-2021 00:54:09 UTC] PHP   2. require() C:\Users\Josiah's PC\Local Sites\noted\app\public\index.php:17
[06-Apr-2021 00:54:09 UTC] PHP   3. require_once() C:\Users\Josiah's PC\Local Sites\noted\app\public\wp-blog-header.php:19
[06-Apr-2021 00:54:09 UTC] PHP   4. include() C:\Users\Josiah's PC\Local Sites\noted\app\public\wp-includes\template-loader.php:106
[06-Apr-2021 00:54:09 UTC] PHP   5. get_template_part() C:\Users\Josiah's PC\Local Sites\noted\app\public\wp-content\themes\portfoliolite\page.php:77
[06-Apr-2021 00:54:09 UTC] PHP   6. locate_template() C:\Users\Josiah's PC\Local Sites\noted\app\public\wp-includes\general-template.php:204
[06-Apr-2021 00:54:09 UTC] PHP   7. load_template() C:\Users\Josiah's PC\Local Sites\noted\app\public\wp-includes\template.php:676
[06-Apr-2021 00:54:09 UTC] PHP   8. require() C:\Users\Josiah's PC\Local Sites\noted\app\public\wp-includes\template.php:732
[13-Apr-2021 03:57:50 UTC] PHP Fatal error:  Uncaught Error: Call to undefined function get_page_format() in C:\Users\Josiah's PC\Local Sites\noted\app\public\wp-content\themes\portfoliolite\page.php:59
Stack trace:
#0 C:\Users\Josiah's PC\Local Sites\noted\app\public\wp-includes\template-loader.php(106): include()
#1 C:\Users\Josiah's PC\Local Sites\noted\app\public\wp-blog-header.php(19): require_once('C:\\Users\\Josiah...')
#2 C:\Users\Josiah's PC\Local Sites\noted\app\public\index.php(17): require('C:\\Users\\Josiah...')
#3 {main}
  thrown in C:\Users\Josiah's PC\Local Sites\noted\app\public\wp-content\themes\portfoliolite\page.php on line 59
[13-Apr-2021 04:21:47 UTC] PHP Fatal error:  Uncaught Error: Call to undefined function get_page_format() in C:\Users\Josiah's PC\Local Sites\noted\app\public\wp-content\themes\portfoliolite\page.php:59
Stack trace:
#0 C:\Users\Josiah's PC\Local Sites\noted\app\public\wp-includes\template-loader.php(106): include()
#1 C:\Users\Josiah's PC\Local Sites\noted\app\public\wp-blog-header.php(19): require_once('C:\\Users\\Josiah...')
#2 C:\Users\Josiah's PC\Local Sites\noted\app\public\index.php(17): require('C:\\Users\\Josiah...')
#3 {main}
  thrown in C:\Users\Josiah's PC\Local Sites\noted\app\public\wp-content\themes\portfoliolite\page.php on line 59
